<?xml version="1.0" encoding="UTF-8"?>
<!-- Generated by org.testng.reporters.JUnitXMLReporter -->
<testsuite ignored="0" hostname="LTIN511089" failures="0" tests="3" name="chromeTest" time="120.437" errors="0" timestamp="2024-10-29T11:21:47 IST">
  <testcase classname="testNgClass.testClass" name="testUpComingBikes" time="52.232"/>
  <testcase classname="testNgClass.testClass" name="testUsedCars" time="31.242"/>
  <testcase classname="testNgClass.testClass" name="testGoogleSignIn" time="16.517"/>
</testsuite> <!-- chromeTest -->
