<?xml version="1.0" encoding="UTF-8"?>
<!-- Generated by org.testng.reporters.JUnitXMLReporter -->
<testsuite ignored="0" hostname="LTIN511089" failures="0" tests="3" name="edgeTest" time="215.103" errors="0" timestamp="2024-10-29T11:25:22 IST">
  <testcase classname="testNgClass.testClass" name="testUpComingBikes" time="126.653"/>
  <testcase classname="testNgClass.testClass" name="testUsedCars" time="54.401"/>
  <testcase classname="testNgClass.testClass" name="testGoogleSignIn" time="16.968"/>
</testsuite> <!-- edgeTest -->
