<?xml version="1.0" encoding="UTF-8"?>
<!-- Generated by org.testng.reporters.JUnitXMLReporter -->
<testsuite ignored="0" hostname="LTIN513074" failures="0" tests="3" name="Test" time="103.919" errors="0" timestamp="2024-11-07T10:27:51 IST">
  <testcase classname="buildVerificationTest.regressionTest" name="testGoogleSignIn" time="16.547"/>
  <testcase classname="buildVerificationTest.regressionTest" name="upComingBikes" time="12.9"/>
  <testcase classname="buildVerificationTest.regressionTest" name="usedCars" time="38.809"/>
</testsuite> <!-- Test -->
