<?xml version="1.0" encoding="UTF-8"?>
<testng-results ignored="0" total="3" passed="3" failed="0" skipped="0">
  <reporter-output>
  </reporter-output>
  <suite started-at="2024-11-07T10:26:07 IST" name="Suite" finished-at="2024-11-07T10:27:51 IST" duration-ms="103919">
    <groups>
    </groups>
    <test started-at="2024-11-07T10:26:07 IST" name="Test" finished-at="2024-11-07T10:27:51 IST" duration-ms="103919">
      <class name="buildVerificationTest.regressionTest">
        <test-method is-config="true" signature="setup(java.lang.String)[pri:0, instance:buildVerificationTest.regressionTest@7674f035]" started-at="2024-11-07T10:26:07 IST" name="setup" finished-at="2024-11-07T10:26:16 IST" duration-ms="9391" status="PASS">
          <params>
            <param index="0">
              <value>
                <![CDATA[chrome]]>
              </value>
            </param>
          </params>
          <reporter-output>
          </reporter-output>
        </test-method> <!-- setup -->
        <test-method signature="testGoogleSignIn()[pri:1, instance:buildVerificationTest.regressionTest@7674f035]" started-at="2024-11-07T10:26:16 IST" name="testGoogleSignIn" finished-at="2024-11-07T10:26:33 IST" duration-ms="16547" status="PASS">
          <reporter-output>
          </reporter-output>
        </test-method> <!-- testGoogleSignIn -->
        <test-method is-config="true" signature="closeDriver()[pri:0, instance:buildVerificationTest.regressionTest@7674f035]" started-at="2024-11-07T10:26:33 IST" name="closeDriver" finished-at="2024-11-07T10:26:36 IST" duration-ms="2961" status="PASS">
          <reporter-output>
          </reporter-output>
        </test-method> <!-- closeDriver -->
        <test-method is-config="true" signature="setup(java.lang.String)[pri:0, instance:buildVerificationTest.regressionTest@7674f035]" started-at="2024-11-07T10:26:36 IST" name="setup" finished-at="2024-11-07T10:26:43 IST" duration-ms="7384" status="PASS">
          <params>
            <param index="0">
              <value>
                <![CDATA[chrome]]>
              </value>
            </param>
          </params>
          <reporter-output>
          </reporter-output>
        </test-method> <!-- setup -->
        <test-method signature="upComingBikes()[pri:2, instance:buildVerificationTest.regressionTest@7674f035]" started-at="2024-11-07T10:26:43 IST" name="upComingBikes" finished-at="2024-11-07T10:26:56 IST" duration-ms="12900" status="PASS">
          <reporter-output>
          </reporter-output>
        </test-method> <!-- upComingBikes -->
        <test-method is-config="true" signature="closeDriver()[pri:0, instance:buildVerificationTest.regressionTest@7674f035]" started-at="2024-11-07T10:26:56 IST" name="closeDriver" finished-at="2024-11-07T10:27:00 IST" duration-ms="4069" status="PASS">
          <reporter-output>
          </reporter-output>
        </test-method> <!-- closeDriver -->
        <test-method is-config="true" signature="setup(java.lang.String)[pri:0, instance:buildVerificationTest.regressionTest@7674f035]" started-at="2024-11-07T10:27:00 IST" name="setup" finished-at="2024-11-07T10:27:08 IST" duration-ms="7964" status="PASS">
          <params>
            <param index="0">
              <value>
                <![CDATA[chrome]]>
              </value>
            </param>
          </params>
          <reporter-output>
          </reporter-output>
        </test-method> <!-- setup -->
        <test-method signature="usedCars()[pri:3, instance:buildVerificationTest.regressionTest@7674f035]" started-at="2024-11-07T10:27:08 IST" name="usedCars" finished-at="2024-11-07T10:27:47 IST" duration-ms="38809" status="PASS">
          <reporter-output>
          </reporter-output>
        </test-method> <!-- usedCars -->
        <test-method is-config="true" signature="closeDriver()[pri:0, instance:buildVerificationTest.regressionTest@7674f035]" started-at="2024-11-07T10:27:47 IST" name="closeDriver" finished-at="2024-11-07T10:27:51 IST" duration-ms="3775" status="PASS">
          <reporter-output>
          </reporter-output>
        </test-method> <!-- closeDriver -->
      </class> <!-- buildVerificationTest.regressionTest -->
    </test> <!-- Test -->
  </suite> <!-- Suite -->
</testng-results>
